<?xml version="1.0" encoding="UTF-8"?>
<!-- Generated by org.testng.reporters.JUnitReportReporter -->
<testsuite hostname="Tannaz" failures="0" tests="1" name="test_package.test_class" time="11.286" errors="0" timestamp="2023-09-11T18:32:08 EDT" skipped="0">
  <testcase classname="test_package.test_class" name="feature" time="11.286"/>
</testsuite> <!-- test_package.test_class -->
